2023-07-27 15:29:32,314 - dist_train_voc_seg_neg3.py - INFO: Pytorch version: 1.10.0+cu113
2023-07-27 15:29:32,399 - dist_train_voc_seg_neg3.py - INFO: GPU type: NVIDIA GeForce RTX 2080 Ti
2023-07-27 15:29:32,400 - dist_train_voc_seg_neg3.py - INFO: 
args: Namespace(aux_layer=-3, backbone='vit_base_patch16_224', backend='nccl', betas=(0.9, 0.999), bkg_thre=0.5, cam_scales=(1.0, 0.5, 1.5), ckpt_dir='work_dir_voc/2023-07-27-15-29-32-313732/checkpoints', crop_size=512, data_folder='./datasets/VOC2012', eval_iters=2000, high_thre=0.7, ignore_index=255, list_folder='datasets/voc', local_crop_size=96, local_rank=0, log_iters=200, low_thre=0.25, lr=6e-05, max_iters=20000, momentum=0.9, num_classes=21, num_workers=10, optimizer='PolyWarmupAdamW', pooling='gmp', power=0.9, pred_dir='work_dir_voc/2023-07-27-15-29-32-313732/predictions', pretrained=True, save_ckpt=True, scales=(0.5, 2), seed=0, spg=1, temp=0.5, train_set='train_aug', val_set='val', w_ctc=0.5, w_ptc=0.2, w_reg=0.05, w_seg=0.1, warmup_iters=1500, warmup_lr=1e-06, work_dir='work_dir_voc/2023-07-27-15-29-32-313732', wt_decay=0.01)
2023-07-27 15:29:32,400 - distributed_c10d.py - INFO: Added key: store_based_barrier_key:1 to store for rank: 0
2023-07-27 15:29:32,401 - distributed_c10d.py - INFO: Rank 0: Completed store-based barrier for key:store_based_barrier_key:1 with 4 nodes.
2023-07-27 15:29:32,401 - dist_train_voc_seg_neg3.py - INFO: Total gpus: 4, samples per gpu: 1...
2023-07-27 15:29:39,958 - helpers.py - INFO: Loading pretrained weights from url (https://github.com/rwightman/pytorch-image-models/releases/download/v0.1-vitjx/jx_vit_base_p16_224-80ecf9dd.pth)
2023-07-27 15:29:45,900 - dist_train_voc_seg_neg3.py - INFO: 
Optimizer: 
PolyWarmupAdamW (
Parameter Group 0
    amsgrad: False
    betas: (0.9, 0.999)
    eps: 1e-08
    lr: 6e-05
    weight_decay: 0.01

Parameter Group 1
    amsgrad: False
    betas: (0.9, 0.999)
    eps: 1e-08
    lr: 6e-05
    weight_decay: 0.01

Parameter Group 2
    amsgrad: False
    betas: (0.9, 0.999)
    eps: 1e-08
    lr: 0.0006000000000000001
    weight_decay: 0.01

Parameter Group 3
    amsgrad: False
    betas: (0.9, 0.999)
    eps: 1e-08
    lr: 0.0006000000000000001
    weight_decay: 0.01
)
2023-07-27 15:32:27,461 - dist_train_voc_seg_neg3.py - INFO: Iter: 200; Elasped: 0:02:55; ETA: 4:48:45; LR: 7.960e-06; cls_loss: 0.4426, cls_loss_aux: 6.1071, ptc_loss: 0.4405, loss_corr: -0.4059, loss_er: 0.1861, seg_loss: 2.5831...
2023-07-27 15:35:07,489 - dist_train_voc_seg_neg3.py - INFO: Iter: 400; Elasped: 0:05:35; ETA: 4:33:35; LR: 1.596e-05; cls_loss: 0.2364, cls_loss_aux: 0.4755, ptc_loss: 0.4353, loss_corr: -0.3662, loss_er: 0.1714, seg_loss: 2.5780...
2023-07-27 15:37:47,465 - dist_train_voc_seg_neg3.py - INFO: Iter: 600; Elasped: 0:08:15; ETA: 4:26:45; LR: 2.396e-05; cls_loss: 0.2059, cls_loss_aux: 0.2766, ptc_loss: 0.4233, loss_corr: -0.3810, loss_er: 0.1670, seg_loss: 2.3471...
2023-07-27 15:40:27,774 - dist_train_voc_seg_neg3.py - INFO: Iter: 800; Elasped: 0:10:55; ETA: 4:22:00; LR: 3.196e-05; cls_loss: 0.1572, cls_loss_aux: 0.2287, ptc_loss: 0.4187, loss_corr: -0.4105, loss_er: 0.1789, seg_loss: 2.0281...
2023-07-27 15:43:07,863 - dist_train_voc_seg_neg3.py - INFO: Iter: 1000; Elasped: 0:13:35; ETA: 4:18:05; LR: 3.996e-05; cls_loss: 0.1179, cls_loss_aux: 0.1965, ptc_loss: 0.4111, loss_corr: -0.4203, loss_er: 0.1860, seg_loss: 1.8136...
2023-07-27 15:45:48,167 - dist_train_voc_seg_neg3.py - INFO: Iter: 1200; Elasped: 0:16:16; ETA: 4:14:50; LR: 4.796e-05; cls_loss: 0.1097, cls_loss_aux: 0.1987, ptc_loss: 0.4062, loss_corr: -0.4158, loss_er: 0.1950, seg_loss: 1.6626...
2023-07-27 15:48:28,397 - dist_train_voc_seg_neg3.py - INFO: Iter: 1400; Elasped: 0:18:56; ETA: 4:11:32; LR: 5.596e-05; cls_loss: 0.0840, cls_loss_aux: 0.1755, ptc_loss: 0.4298, loss_corr: -0.4215, loss_er: 0.1945, seg_loss: 1.7001...
2023-07-27 15:51:08,943 - dist_train_voc_seg_neg3.py - INFO: Iter: 1600; Elasped: 0:21:36; ETA: 4:08:24; LR: 5.566e-05; cls_loss: 0.0951, cls_loss_aux: 0.1737, ptc_loss: 0.4259, loss_corr: -0.4245, loss_er: 0.1897, seg_loss: 1.5977...
2023-07-27 15:53:49,056 - dist_train_voc_seg_neg3.py - INFO: Iter: 1800; Elasped: 0:24:17; ETA: 4:05:31; LR: 5.512e-05; cls_loss: 0.0854, cls_loss_aux: 0.1727, ptc_loss: 0.4266, loss_corr: -0.4236, loss_er: 0.1916, seg_loss: 1.6423...
2023-07-27 15:56:29,269 - dist_train_voc_seg_neg3.py - INFO: Iter: 2000; Elasped: 0:26:57; ETA: 4:02:33; LR: 5.457e-05; cls_loss: 0.0721, cls_loss_aux: 0.1313, ptc_loss: 0.4204, loss_corr: -0.4157, loss_er: 0.1993, seg_loss: 1.6104...
2023-07-27 15:56:29,270 - dist_train_voc_seg_neg3.py - INFO: Validating...
2023-07-27 16:06:19,095 - dist_train_voc_seg_neg3.py - INFO: val cls score: 0.876746
2023-07-27 16:06:19,096 - dist_train_voc_seg_neg3.py - INFO: 
+--------------+--------+---------+----------+
|    Class     |  CAM   | aux_CAM | Seg_Pred |
+==============+========+=========+==========+
| _background_ | 3.068  | 77.151  | 1.903    |
+--------------+--------+---------+----------+
| aeroplane    | 13.485 | 38.033  | 0        |
+--------------+--------+---------+----------+
| bicycle      | 8.723  | 36.024  | 0.082    |
+--------------+--------+---------+----------+
| bird         | 11.526 | 25.657  | 0.000    |
+--------------+--------+---------+----------+
| boat         | 11.793 | 20.272  | 0.026    |
+--------------+--------+---------+----------+
| bottle       | 24.258 | 44.350  | 0        |
+--------------+--------+---------+----------+
| bus          | 40.574 | 73.306  | 0        |
+--------------+--------+---------+----------+
| car          | 27.241 | 61.612  | 0        |
+--------------+--------+---------+----------+
| cat          | 34.591 | 74.821  | 0.120    |
+--------------+--------+---------+----------+
| chair        | 17.835 | 9.350   | 0.479    |
+--------------+--------+---------+----------+
| cow          | 25.470 | 60.465  | 0        |
+--------------+--------+---------+----------+
| diningtable  | 35.907 | 46.913  | 0.532    |
+--------------+--------+---------+----------+
| dog          | 30.012 | 72.446  | 2.232    |
+--------------+--------+---------+----------+
| horse        | 20.568 | 65.137  | 0.084    |
+--------------+--------+---------+----------+
| motorbike    | 25.423 | 58.673  | 0.243    |
+--------------+--------+---------+----------+
| person       | 35.998 | 67.381  | 0.541    |
+--------------+--------+---------+----------+
| pottedplant  | 18.094 | 42.707  | 0.029    |
+--------------+--------+---------+----------+
| sheep        | 20.657 | 61.979  | 0.434    |
+--------------+--------+---------+----------+
| sofa         | 26.507 | 51.277  | 0.032    |
+--------------+--------+---------+----------+
| train        | 29.065 | 43.939  | 0        |
+--------------+--------+---------+----------+
| tvmonitor    | 19.273 | 54.645  | 0.010    |
+--------------+--------+---------+----------+
| mIoU         | 22.860 | 51.721  | 0.321    |
+--------------+--------+---------+----------+
2023-07-27 16:09:15,790 - dist_train_voc_seg_neg3.py - INFO: Iter: 2200; Elasped: 0:39:43; ETA: 5:21:20; LR: 5.403e-05; cls_loss: 0.0793, cls_loss_aux: 0.1481, ptc_loss: 0.4162, loss_corr: -0.6834, loss_er: 0.1938, seg_loss: 1.2358...
2023-07-27 16:11:58,012 - dist_train_voc_seg_neg3.py - INFO: Iter: 2400; Elasped: 0:42:26; ETA: 5:11:10; LR: 5.348e-05; cls_loss: 0.0711, cls_loss_aux: 0.1400, ptc_loss: 0.3960, loss_corr: -0.6556, loss_er: 0.1953, seg_loss: 0.9507...
2023-07-27 16:14:40,298 - dist_train_voc_seg_neg3.py - INFO: Iter: 2600; Elasped: 0:45:08; ETA: 5:02:02; LR: 5.293e-05; cls_loss: 0.0765, cls_loss_aux: 0.1666, ptc_loss: 0.3740, loss_corr: -0.6673, loss_er: 0.1927, seg_loss: 0.8340...
2023-07-27 16:17:24,942 - dist_train_voc_seg_neg3.py - INFO: Iter: 2800; Elasped: 0:47:52; ETA: 4:54:02; LR: 5.239e-05; cls_loss: 0.0723, cls_loss_aux: 0.1232, ptc_loss: 0.3829, loss_corr: -0.6650, loss_er: 0.1899, seg_loss: 0.7048...
2023-07-27 16:20:06,967 - dist_train_voc_seg_neg3.py - INFO: Iter: 3000; Elasped: 0:50:34; ETA: 4:46:32; LR: 5.184e-05; cls_loss: 0.0758, cls_loss_aux: 0.1466, ptc_loss: 0.3705, loss_corr: -0.6544, loss_er: 0.1856, seg_loss: 0.7123...
2023-07-27 16:22:49,083 - dist_train_voc_seg_neg3.py - INFO: Iter: 3200; Elasped: 0:53:17; ETA: 4:39:44; LR: 5.129e-05; cls_loss: 0.0795, cls_loss_aux: 0.1326, ptc_loss: 0.3659, loss_corr: -0.6560, loss_er: 0.1714, seg_loss: 0.8609...
2023-07-27 16:25:31,283 - dist_train_voc_seg_neg3.py - INFO: Iter: 3400; Elasped: 0:55:59; ETA: 4:33:19; LR: 5.074e-05; cls_loss: 0.0816, cls_loss_aux: 0.1337, ptc_loss: 0.3345, loss_corr: -0.6488, loss_er: 0.1656, seg_loss: 0.6041...
2023-07-27 16:28:13,544 - dist_train_voc_seg_neg3.py - INFO: Iter: 3600; Elasped: 0:58:41; ETA: 4:27:20; LR: 5.019e-05; cls_loss: 0.0764, cls_loss_aux: 0.1298, ptc_loss: 0.3521, loss_corr: -0.6284, loss_er: 0.1666, seg_loss: 0.5496...
2023-07-27 16:30:55,553 - dist_train_voc_seg_neg3.py - INFO: Iter: 3800; Elasped: 1:01:23; ETA: 4:21:41; LR: 4.964e-05; cls_loss: 0.0698, cls_loss_aux: 0.1110, ptc_loss: 0.3170, loss_corr: -0.6076, loss_er: 0.1556, seg_loss: 0.6652...
2023-07-27 16:33:37,851 - dist_train_voc_seg_neg3.py - INFO: Iter: 4000; Elasped: 1:04:05; ETA: 4:16:20; LR: 4.909e-05; cls_loss: 0.0716, cls_loss_aux: 0.1420, ptc_loss: 0.3176, loss_corr: -0.5942, loss_er: 0.1464, seg_loss: 0.4181...
2023-07-27 16:33:37,851 - dist_train_voc_seg_neg3.py - INFO: Validating...
2023-07-27 16:43:27,884 - dist_train_voc_seg_neg3.py - INFO: val cls score: 0.881107
2023-07-27 16:43:27,884 - dist_train_voc_seg_neg3.py - INFO: 
+--------------+--------+---------+----------+
|    Class     |  CAM   | aux_CAM | Seg_Pred |
+==============+========+=========+==========+
| _background_ | 81.065 | 86.471  | 80.860   |
+--------------+--------+---------+----------+
| aeroplane    | 65.487 | 69.955  | 59.270   |
+--------------+--------+---------+----------+
| bicycle      | 37.496 | 47.310  | 28.191   |
+--------------+--------+---------+----------+
| bird         | 39.734 | 46.369  | 46.669   |
+--------------+--------+---------+----------+
| boat         | 28.510 | 39.847  | 23.623   |
+--------------+--------+---------+----------+
| bottle       | 52.399 | 47.078  | 51.718   |
+--------------+--------+---------+----------+
| bus          | 84.801 | 79.408  | 80.950   |
+--------------+--------+---------+----------+
| car          | 78.498 | 60.313  | 71.054   |
+--------------+--------+---------+----------+
| cat          | 85.156 | 78.214  | 77.747   |
+--------------+--------+---------+----------+
| chair        | 36.183 | 35.771  | 17.752   |
+--------------+--------+---------+----------+
| cow          | 79.662 | 76.401  | 60.190   |
+--------------+--------+---------+----------+
| diningtable  | 46.710 | 54.350  | 40.705   |
+--------------+--------+---------+----------+
| dog          | 85.191 | 81.211  | 75.964   |
+--------------+--------+---------+----------+
| horse        | 74.080 | 81.551  | 65.890   |
+--------------+--------+---------+----------+
| motorbike    | 70.420 | 74.821  | 66.970   |
+--------------+--------+---------+----------+
| person       | 73.080 | 69.752  | 63.004   |
+--------------+--------+---------+----------+
| pottedplant  | 24.431 | 49.103  | 27.054   |
+--------------+--------+---------+----------+
| sheep        | 79.729 | 79.412  | 73.979   |
+--------------+--------+---------+----------+
| sofa         | 48.415 | 56.618  | 28.014   |
+--------------+--------+---------+----------+
| train        | 58.015 | 56.739  | 52.836   |
+--------------+--------+---------+----------+
| tvmonitor    | 32.180 | 53.859  | 29.029   |
+--------------+--------+---------+----------+
| mIoU         | 60.059 | 63.074  | 53.403   |
+--------------+--------+---------+----------+
2023-07-27 16:46:24,465 - dist_train_voc_seg_neg3.py - INFO: Iter: 4200; Elasped: 1:16:52; ETA: 4:49:09; LR: 4.853e-05; cls_loss: 0.0785, cls_loss_aux: 0.1314, ptc_loss: 0.2919, loss_corr: -0.5792, loss_er: 0.1403, seg_loss: 0.4115...
2023-07-27 16:49:06,314 - dist_train_voc_seg_neg3.py - INFO: Iter: 4400; Elasped: 1:19:34; ETA: 4:42:06; LR: 4.798e-05; cls_loss: 0.0757, cls_loss_aux: 0.1146, ptc_loss: 0.2804, loss_corr: -0.5584, loss_er: 0.1388, seg_loss: 0.3410...
2023-07-27 16:51:48,762 - dist_train_voc_seg_neg3.py - INFO: Iter: 4600; Elasped: 1:22:16; ETA: 4:35:24; LR: 4.743e-05; cls_loss: 0.0850, cls_loss_aux: 0.1273, ptc_loss: 0.2895, loss_corr: -0.5464, loss_er: 0.1383, seg_loss: 0.3929...
2023-07-27 16:54:30,928 - dist_train_voc_seg_neg3.py - INFO: Iter: 4800; Elasped: 1:24:58; ETA: 4:29:03; LR: 4.687e-05; cls_loss: 0.0725, cls_loss_aux: 0.1050, ptc_loss: 0.2726, loss_corr: -0.5268, loss_er: 0.1259, seg_loss: 0.3597...
2023-07-27 16:57:13,150 - dist_train_voc_seg_neg3.py - INFO: Iter: 5000; Elasped: 1:27:41; ETA: 4:23:03; LR: 4.632e-05; cls_loss: 0.0740, cls_loss_aux: 0.1167, ptc_loss: 0.3069, loss_corr: -0.5070, loss_er: 0.1237, seg_loss: 0.3473...
2023-07-27 16:59:55,375 - dist_train_voc_seg_neg3.py - INFO: Iter: 5200; Elasped: 1:30:23; ETA: 4:17:14; LR: 4.576e-05; cls_loss: 0.0583, cls_loss_aux: 0.0857, ptc_loss: 0.2723, loss_corr: -0.5196, loss_er: 0.1146, seg_loss: 0.3477...
2023-07-27 17:02:39,904 - dist_train_voc_seg_neg3.py - INFO: Iter: 5400; Elasped: 1:33:07; ETA: 4:11:45; LR: 4.520e-05; cls_loss: 0.0626, cls_loss_aux: 0.0994, ptc_loss: 0.2810, loss_corr: -0.4957, loss_er: 0.1183, seg_loss: 0.2502...
2023-07-27 17:05:21,896 - dist_train_voc_seg_neg3.py - INFO: Iter: 5600; Elasped: 1:35:49; ETA: 4:06:23; LR: 4.465e-05; cls_loss: 0.0639, cls_loss_aux: 0.0952, ptc_loss: 0.2772, loss_corr: -0.5042, loss_er: 0.1148, seg_loss: 0.2076...
2023-07-27 17:08:03,963 - dist_train_voc_seg_neg3.py - INFO: Iter: 5800; Elasped: 1:38:31; ETA: 4:01:11; LR: 4.409e-05; cls_loss: 0.0651, cls_loss_aux: 0.0913, ptc_loss: 0.2696, loss_corr: -0.4947, loss_er: 0.1005, seg_loss: 0.2608...
2023-07-27 17:10:46,310 - dist_train_voc_seg_neg3.py - INFO: Iter: 6000; Elasped: 1:41:14; ETA: 3:56:12; LR: 4.353e-05; cls_loss: 0.0702, cls_loss_aux: 0.1072, ptc_loss: 0.2687, loss_corr: -0.4865, loss_er: 0.1130, seg_loss: 0.2620...
2023-07-27 17:10:46,310 - dist_train_voc_seg_neg3.py - INFO: Validating...
2023-07-27 17:20:36,604 - dist_train_voc_seg_neg3.py - INFO: val cls score: 0.901449
2023-07-27 17:20:36,605 - dist_train_voc_seg_neg3.py - INFO: 
+--------------+--------+---------+----------+
|    Class     |  CAM   | aux_CAM | Seg_Pred |
+==============+========+=========+==========+
| _background_ | 86.313 | 88.364  | 86.803   |
+--------------+--------+---------+----------+
| aeroplane    | 63.927 | 77.654  | 69.188   |
+--------------+--------+---------+----------+
| bicycle      | 42.878 | 46.780  | 41.809   |
+--------------+--------+---------+----------+
| bird         | 36.185 | 56.206  | 37.910   |
+--------------+--------+---------+----------+
| boat         | 46.120 | 46.273  | 42.027   |
+--------------+--------+---------+----------+
| bottle       | 69.373 | 60.058  | 68.367   |
+--------------+--------+---------+----------+
| bus          | 83.038 | 75.660  | 80.128   |
+--------------+--------+---------+----------+
| car          | 82.642 | 64.025  | 77.691   |
+--------------+--------+---------+----------+
| cat          | 88.287 | 87.407  | 84.247   |
+--------------+--------+---------+----------+
| chair        | 41.132 | 43.688  | 23.561   |
+--------------+--------+---------+----------+
| cow          | 83.115 | 79.332  | 79.230   |
+--------------+--------+---------+----------+
| diningtable  | 52.337 | 57.924  | 42.638   |
+--------------+--------+---------+----------+
| dog          | 84.667 | 80.958  | 79.282   |
+--------------+--------+---------+----------+
| horse        | 80.428 | 81.264  | 80.972   |
+--------------+--------+---------+----------+
| motorbike    | 74.948 | 76.900  | 69.863   |
+--------------+--------+---------+----------+
| person       | 78.736 | 75.347  | 74.998   |
+--------------+--------+---------+----------+
| pottedplant  | 40.983 | 55.932  | 34.974   |
+--------------+--------+---------+----------+
| sheep        | 85.526 | 84.671  | 85.134   |
+--------------+--------+---------+----------+
| sofa         | 55.538 | 64.375  | 36.714   |
+--------------+--------+---------+----------+
| train        | 58.079 | 52.439  | 58.400   |
+--------------+--------+---------+----------+
| tvmonitor    | 41.245 | 52.858  | 38.448   |
+--------------+--------+---------+----------+
| mIoU         | 65.500 | 67.053  | 61.542   |
+--------------+--------+---------+----------+
2023-07-27 17:23:33,613 - dist_train_voc_seg_neg3.py - INFO: Iter: 6200; Elasped: 1:54:01; ETA: 4:13:46; LR: 4.297e-05; cls_loss: 0.0709, cls_loss_aux: 0.1053, ptc_loss: 0.3001, loss_corr: -0.4526, loss_er: 0.1051, seg_loss: 0.2721...
2023-07-27 17:26:15,653 - dist_train_voc_seg_neg3.py - INFO: Iter: 6400; Elasped: 1:56:43; ETA: 4:08:01; LR: 4.241e-05; cls_loss: 0.0662, cls_loss_aux: 0.1055, ptc_loss: 0.2635, loss_corr: -0.4354, loss_er: 0.1102, seg_loss: 0.2962...
2023-07-27 17:28:57,756 - dist_train_voc_seg_neg3.py - INFO: Iter: 6600; Elasped: 1:59:25; ETA: 4:02:27; LR: 4.185e-05; cls_loss: 0.0589, cls_loss_aux: 0.0840, ptc_loss: 0.3085, loss_corr: -0.4356, loss_er: 0.0935, seg_loss: 0.2244...
2023-07-27 17:31:39,749 - dist_train_voc_seg_neg3.py - INFO: Iter: 6800; Elasped: 2:02:07; ETA: 3:57:03; LR: 4.128e-05; cls_loss: 0.0707, cls_loss_aux: 0.0994, ptc_loss: 0.2747, loss_corr: -0.4337, loss_er: 0.1081, seg_loss: 0.2922...
2023-07-27 17:34:22,131 - dist_train_voc_seg_neg3.py - INFO: Iter: 7000; Elasped: 2:04:50; ETA: 3:51:50; LR: 4.072e-05; cls_loss: 0.0717, cls_loss_aux: 0.1236, ptc_loss: 0.2807, loss_corr: -0.4163, loss_er: 0.1066, seg_loss: 0.2802...
2023-07-27 17:37:04,116 - dist_train_voc_seg_neg3.py - INFO: Iter: 7200; Elasped: 2:07:32; ETA: 3:46:43; LR: 4.016e-05; cls_loss: 0.0591, cls_loss_aux: 0.0781, ptc_loss: 0.2938, loss_corr: -0.4125, loss_er: 0.1033, seg_loss: 0.1906...
2023-07-27 17:39:46,142 - dist_train_voc_seg_neg3.py - INFO: Iter: 7400; Elasped: 2:10:14; ETA: 3:41:44; LR: 3.959e-05; cls_loss: 0.0587, cls_loss_aux: 0.0819, ptc_loss: 0.2624, loss_corr: -0.4220, loss_er: 0.0977, seg_loss: 0.2125...
2023-07-27 17:42:27,988 - dist_train_voc_seg_neg3.py - INFO: Iter: 7600; Elasped: 2:12:55; ETA: 3:36:51; LR: 3.902e-05; cls_loss: 0.0658, cls_loss_aux: 0.0931, ptc_loss: 0.2922, loss_corr: -0.4218, loss_er: 0.1002, seg_loss: 0.1787...
2023-07-27 17:45:09,881 - dist_train_voc_seg_neg3.py - INFO: Iter: 7800; Elasped: 2:15:37; ETA: 3:32:07; LR: 3.846e-05; cls_loss: 0.0755, cls_loss_aux: 0.1113, ptc_loss: 0.2764, loss_corr: -0.4444, loss_er: 0.1061, seg_loss: 0.2490...
2023-07-27 17:47:54,554 - dist_train_voc_seg_neg3.py - INFO: Iter: 8000; Elasped: 2:18:22; ETA: 3:27:33; LR: 3.789e-05; cls_loss: 0.0593, cls_loss_aux: 0.0835, ptc_loss: 0.3003, loss_corr: -0.4523, loss_er: 0.1026, seg_loss: 0.2223...
2023-07-27 17:47:54,554 - dist_train_voc_seg_neg3.py - INFO: Validating...
2023-07-27 17:57:44,453 - dist_train_voc_seg_neg3.py - INFO: val cls score: 0.903137
2023-07-27 17:57:44,454 - dist_train_voc_seg_neg3.py - INFO: 
+--------------+--------+---------+----------+
|    Class     |  CAM   | aux_CAM | Seg_Pred |
+==============+========+=========+==========+
| _background_ | 89.505 | 89.547  | 88.770   |
+--------------+--------+---------+----------+
| aeroplane    | 74.984 | 78.213  | 74.796   |
+--------------+--------+---------+----------+
| bicycle      | 42.906 | 44.595  | 35.361   |
+--------------+--------+---------+----------+
| bird         | 42.408 | 61.337  | 43.138   |
+--------------+--------+---------+----------+
| boat         | 58.870 | 52.261  | 50.982   |
+--------------+--------+---------+----------+
| bottle       | 68.901 | 52.945  | 63.364   |
+--------------+--------+---------+----------+
| bus          | 83.916 | 71.994  | 79.316   |
+--------------+--------+---------+----------+
| car          | 82.710 | 72.487  | 75.215   |
+--------------+--------+---------+----------+
| cat          | 90.953 | 86.107  | 86.713   |
+--------------+--------+---------+----------+
| chair        | 46.183 | 42.269  | 28.546   |
+--------------+--------+---------+----------+
| cow          | 89.522 | 85.177  | 82.688   |
+--------------+--------+---------+----------+
| diningtable  | 60.670 | 56.635  | 54.891   |
+--------------+--------+---------+----------+
| dog          | 86.385 | 83.609  | 81.160   |
+--------------+--------+---------+----------+
| horse        | 84.580 | 82.226  | 75.951   |
+--------------+--------+---------+----------+
| motorbike    | 74.011 | 77.480  | 68.606   |
+--------------+--------+---------+----------+
| person       | 82.901 | 80.347  | 78.479   |
+--------------+--------+---------+----------+
| pottedplant  | 44.919 | 56.170  | 42.667   |
+--------------+--------+---------+----------+
| sheep        | 89.831 | 80.996  | 85.695   |
+--------------+--------+---------+----------+
| sofa         | 66.531 | 71.260  | 46.380   |
+--------------+--------+---------+----------+
| train        | 60.242 | 54.199  | 57.615   |
+--------------+--------+---------+----------+
| tvmonitor    | 54.602 | 59.401  | 49.760   |
+--------------+--------+---------+----------+
| mIoU         | 70.263 | 68.536  | 64.290   |
+--------------+--------+---------+----------+
2023-07-27 18:00:42,720 - dist_train_voc_seg_neg3.py - INFO: Iter: 8200; Elasped: 2:31:10; ETA: 3:37:31; LR: 3.732e-05; cls_loss: 0.0584, cls_loss_aux: 0.0759, ptc_loss: 0.2912, loss_corr: -0.4374, loss_er: 0.0893, seg_loss: 0.2156...
2023-07-27 18:03:24,916 - dist_train_voc_seg_neg3.py - INFO: Iter: 8400; Elasped: 2:33:52; ETA: 3:32:28; LR: 3.675e-05; cls_loss: 0.0471, cls_loss_aux: 0.0673, ptc_loss: 0.2677, loss_corr: -0.4417, loss_er: 0.1009, seg_loss: 0.2229...
2023-07-27 18:06:07,249 - dist_train_voc_seg_neg3.py - INFO: Iter: 8600; Elasped: 2:36:35; ETA: 3:27:33; LR: 3.618e-05; cls_loss: 0.0602, cls_loss_aux: 0.0748, ptc_loss: 0.2777, loss_corr: -0.4487, loss_er: 0.0917, seg_loss: 0.1931...
2023-07-27 18:08:49,499 - dist_train_voc_seg_neg3.py - INFO: Iter: 8800; Elasped: 2:39:17; ETA: 3:22:43; LR: 3.561e-05; cls_loss: 0.0498, cls_loss_aux: 0.0585, ptc_loss: 0.2712, loss_corr: -0.4452, loss_er: 0.0878, seg_loss: 0.1893...
2023-07-27 18:11:31,838 - dist_train_voc_seg_neg3.py - INFO: Iter: 9000; Elasped: 2:41:59; ETA: 3:17:58; LR: 3.504e-05; cls_loss: 0.0708, cls_loss_aux: 0.0924, ptc_loss: 0.2779, loss_corr: -0.4369, loss_er: 0.0948, seg_loss: 0.2119...
2023-07-27 18:14:14,267 - dist_train_voc_seg_neg3.py - INFO: Iter: 9200; Elasped: 2:44:42; ETA: 3:13:20; LR: 3.446e-05; cls_loss: 0.0465, cls_loss_aux: 0.0586, ptc_loss: 0.3029, loss_corr: -0.4193, loss_er: 0.0905, seg_loss: 0.1759...
2023-07-27 18:16:56,775 - dist_train_voc_seg_neg3.py - INFO: Iter: 9400; Elasped: 2:47:24; ETA: 3:08:46; LR: 3.389e-05; cls_loss: 0.0511, cls_loss_aux: 0.0683, ptc_loss: 0.2688, loss_corr: -0.4080, loss_er: 0.0819, seg_loss: 0.1941...
2023-07-27 18:19:39,344 - dist_train_voc_seg_neg3.py - INFO: Iter: 9600; Elasped: 2:50:07; ETA: 3:04:17; LR: 3.331e-05; cls_loss: 0.0488, cls_loss_aux: 0.0648, ptc_loss: 0.2903, loss_corr: -0.3913, loss_er: 0.0813, seg_loss: 0.2183...
2023-07-27 18:22:21,979 - dist_train_voc_seg_neg3.py - INFO: Iter: 9800; Elasped: 2:52:49; ETA: 2:59:52; LR: 3.273e-05; cls_loss: 0.0512, cls_loss_aux: 0.0689, ptc_loss: 0.2726, loss_corr: -0.3996, loss_er: 0.0815, seg_loss: 0.2089...
2023-07-27 18:25:04,577 - dist_train_voc_seg_neg3.py - INFO: Iter: 10000; Elasped: 2:55:32; ETA: 2:55:32; LR: 3.216e-05; cls_loss: 0.0584, cls_loss_aux: 0.0734, ptc_loss: 0.2803, loss_corr: -0.4130, loss_er: 0.0761, seg_loss: 0.2225...
2023-07-27 18:25:04,578 - dist_train_voc_seg_neg3.py - INFO: Validating...
2023-07-27 18:34:55,571 - dist_train_voc_seg_neg3.py - INFO: val cls score: 0.909000
2023-07-27 18:34:55,572 - dist_train_voc_seg_neg3.py - INFO: 
+--------------+--------+---------+----------+
|    Class     |  CAM   | aux_CAM | Seg_Pred |
+==============+========+=========+==========+
| _background_ | 89.363 | 88.616  | 89.094   |
+--------------+--------+---------+----------+
| aeroplane    | 73.264 | 77.937  | 77.535   |
+--------------+--------+---------+----------+
| bicycle      | 40.882 | 45.949  | 38.089   |
+--------------+--------+---------+----------+
| bird         | 47.926 | 63.929  | 48.840   |
+--------------+--------+---------+----------+
| boat         | 50.882 | 52.224  | 55.562   |
+--------------+--------+---------+----------+
| bottle       | 70.975 | 64.452  | 67.445   |
+--------------+--------+---------+----------+
| bus          | 83.383 | 75.280  | 81.588   |
+--------------+--------+---------+----------+
| car          | 81.174 | 64.233  | 74.221   |
+--------------+--------+---------+----------+
| cat          | 90.411 | 83.917  | 86.439   |
+--------------+--------+---------+----------+
| chair        | 42.795 | 40.687  | 25.779   |
+--------------+--------+---------+----------+
| cow          | 88.679 | 78.446  | 87.014   |
+--------------+--------+---------+----------+
| diningtable  | 45.409 | 56.056  | 40.709   |
+--------------+--------+---------+----------+
| dog          | 85.047 | 78.806  | 81.112   |
+--------------+--------+---------+----------+
| horse        | 87.120 | 74.027  | 83.711   |
+--------------+--------+---------+----------+
| motorbike    | 75.316 | 74.296  | 70.121   |
+--------------+--------+---------+----------+
| person       | 79.305 | 77.362  | 77.083   |
+--------------+--------+---------+----------+
| pottedplant  | 57.413 | 46.404  | 55.583   |
+--------------+--------+---------+----------+
| sheep        | 87.476 | 83.243  | 85.404   |
+--------------+--------+---------+----------+
| sofa         | 58.670 | 65.665  | 42.887   |
+--------------+--------+---------+----------+
| train        | 58.871 | 59.808  | 57.696   |
+--------------+--------+---------+----------+
| tvmonitor    | 57.396 | 57.909  | 55.151   |
+--------------+--------+---------+----------+
| mIoU         | 69.131 | 67.107  | 65.765   |
+--------------+--------+---------+----------+
2023-07-27 18:37:52,923 - dist_train_voc_seg_neg3.py - INFO: Iter: 10200; Elasped: 3:08:20; ETA: 3:00:56; LR: 3.158e-05; cls_loss: 0.0630, cls_loss_aux: 0.0835, ptc_loss: 0.2653, loss_corr: -0.4442, loss_er: 0.0761, seg_loss: 0.1449...
2023-07-27 18:40:35,238 - dist_train_voc_seg_neg3.py - INFO: Iter: 10400; Elasped: 3:11:03; ETA: 2:56:21; LR: 3.100e-05; cls_loss: 0.0543, cls_loss_aux: 0.0702, ptc_loss: 0.2745, loss_corr: -0.4463, loss_er: 0.0779, seg_loss: 0.1523...
2023-07-27 18:43:20,241 - dist_train_voc_seg_neg3.py - INFO: Iter: 10600; Elasped: 3:13:48; ETA: 2:51:51; LR: 3.041e-05; cls_loss: 0.0510, cls_loss_aux: 0.0664, ptc_loss: 0.2759, loss_corr: -0.4501, loss_er: 0.0777, seg_loss: 0.2091...
2023-07-27 18:46:02,920 - dist_train_voc_seg_neg3.py - INFO: Iter: 10800; Elasped: 3:16:30; ETA: 2:47:23; LR: 2.983e-05; cls_loss: 0.0509, cls_loss_aux: 0.0590, ptc_loss: 0.2493, loss_corr: -0.4667, loss_er: 0.0829, seg_loss: 0.1468...
2023-07-27 18:48:45,124 - dist_train_voc_seg_neg3.py - INFO: Iter: 11000; Elasped: 3:19:13; ETA: 2:42:59; LR: 2.925e-05; cls_loss: 0.0349, cls_loss_aux: 0.0401, ptc_loss: 0.2854, loss_corr: -0.4534, loss_er: 0.0778, seg_loss: 0.1357...
2023-07-27 18:51:27,106 - dist_train_voc_seg_neg3.py - INFO: Iter: 11200; Elasped: 3:21:55; ETA: 2:38:38; LR: 2.866e-05; cls_loss: 0.0383, cls_loss_aux: 0.0387, ptc_loss: 0.2742, loss_corr: -0.4147, loss_er: 0.0851, seg_loss: 0.1638...
2023-07-27 18:54:09,370 - dist_train_voc_seg_neg3.py - INFO: Iter: 11400; Elasped: 3:24:37; ETA: 2:34:21; LR: 2.807e-05; cls_loss: 0.0461, cls_loss_aux: 0.0588, ptc_loss: 0.2386, loss_corr: -0.4336, loss_er: 0.0851, seg_loss: 0.1695...
2023-07-27 18:56:51,422 - dist_train_voc_seg_neg3.py - INFO: Iter: 11600; Elasped: 3:27:19; ETA: 2:30:07; LR: 2.749e-05; cls_loss: 0.0514, cls_loss_aux: 0.0604, ptc_loss: 0.2556, loss_corr: -0.4059, loss_er: 0.0808, seg_loss: 0.1806...
2023-07-27 18:59:33,528 - dist_train_voc_seg_neg3.py - INFO: Iter: 11800; Elasped: 3:30:01; ETA: 2:25:56; LR: 2.690e-05; cls_loss: 0.0588, cls_loss_aux: 0.0722, ptc_loss: 0.2618, loss_corr: -0.3938, loss_er: 0.0923, seg_loss: 0.1570...
2023-07-27 19:02:15,736 - dist_train_voc_seg_neg3.py - INFO: Iter: 12000; Elasped: 3:32:43; ETA: 2:21:48; LR: 2.631e-05; cls_loss: 0.0500, cls_loss_aux: 0.0567, ptc_loss: 0.2866, loss_corr: -0.4306, loss_er: 0.0864, seg_loss: 0.1860...
2023-07-27 19:02:15,737 - dist_train_voc_seg_neg3.py - INFO: Validating...
2023-07-27 19:12:06,316 - dist_train_voc_seg_neg3.py - INFO: val cls score: 0.909881
2023-07-27 19:12:06,317 - dist_train_voc_seg_neg3.py - INFO: 
+--------------+--------+---------+----------+
|    Class     |  CAM   | aux_CAM | Seg_Pred |
+==============+========+=========+==========+
| _background_ | 90.830 | 88.684  | 90.313   |
+--------------+--------+---------+----------+
| aeroplane    | 74.687 | 80.450  | 75.989   |
+--------------+--------+---------+----------+
| bicycle      | 47.709 | 41.760  | 43.829   |
+--------------+--------+---------+----------+
| bird         | 60.676 | 72.599  | 62.612   |
+--------------+--------+---------+----------+
| boat         | 59.794 | 58.324  | 60.850   |
+--------------+--------+---------+----------+
| bottle       | 76.069 | 54.018  | 70.852   |
+--------------+--------+---------+----------+
| bus          | 87.112 | 76.550  | 84.066   |
+--------------+--------+---------+----------+
| car          | 83.404 | 61.816  | 80.386   |
+--------------+--------+---------+----------+
| cat          | 92.290 | 83.642  | 88.446   |
+--------------+--------+---------+----------+
| chair        | 50.636 | 47.078  | 33.193   |
+--------------+--------+---------+----------+
| cow          | 89.215 | 79.522  | 87.345   |
+--------------+--------+---------+----------+
| diningtable  | 59.507 | 59.391  | 55.155   |
+--------------+--------+---------+----------+
| dog          | 86.436 | 81.231  | 83.762   |
+--------------+--------+---------+----------+
| horse        | 86.172 | 77.082  | 81.974   |
+--------------+--------+---------+----------+
| motorbike    | 77.746 | 76.620  | 67.037   |
+--------------+--------+---------+----------+
| person       | 81.259 | 73.820  | 77.742   |
+--------------+--------+---------+----------+
| pottedplant  | 54.525 | 48.808  | 50.307   |
+--------------+--------+---------+----------+
| sheep        | 88.583 | 77.451  | 86.565   |
+--------------+--------+---------+----------+
| sofa         | 59.904 | 61.507  | 40.177   |
+--------------+--------+---------+----------+
| train        | 59.933 | 56.196  | 59.623   |
+--------------+--------+---------+----------+
| tvmonitor    | 59.857 | 63.823  | 57.262   |
+--------------+--------+---------+----------+
| mIoU         | 72.683 | 67.637  | 68.452   |
+--------------+--------+---------+----------+
2023-07-27 19:15:02,425 - dist_train_voc_seg_neg3.py - INFO: Iter: 12200; Elasped: 3:45:30; ETA: 2:24:10; LR: 2.571e-05; cls_loss: 0.0487, cls_loss_aux: 0.0578, ptc_loss: 0.2507, loss_corr: -0.4393, loss_er: 0.0845, seg_loss: 0.1731...
2023-07-27 19:17:44,689 - dist_train_voc_seg_neg3.py - INFO: Iter: 12400; Elasped: 3:48:12; ETA: 2:19:51; LR: 2.512e-05; cls_loss: 0.0410, cls_loss_aux: 0.0488, ptc_loss: 0.2443, loss_corr: -0.4410, loss_er: 0.0873, seg_loss: 0.1509...
2023-07-27 19:20:26,459 - dist_train_voc_seg_neg3.py - INFO: Iter: 12600; Elasped: 3:50:54; ETA: 2:15:36; LR: 2.452e-05; cls_loss: 0.0446, cls_loss_aux: 0.0524, ptc_loss: 0.2608, loss_corr: -0.4534, loss_er: 0.0846, seg_loss: 0.1890...
2023-07-27 19:23:08,404 - dist_train_voc_seg_neg3.py - INFO: Iter: 12800; Elasped: 3:53:36; ETA: 2:11:24; LR: 2.393e-05; cls_loss: 0.0451, cls_loss_aux: 0.0447, ptc_loss: 0.2453, loss_corr: -0.4370, loss_er: 0.0901, seg_loss: 0.1400...
2023-07-27 19:25:50,939 - dist_train_voc_seg_neg3.py - INFO: Iter: 13000; Elasped: 3:56:18; ETA: 2:07:14; LR: 2.333e-05; cls_loss: 0.0464, cls_loss_aux: 0.0507, ptc_loss: 0.2776, loss_corr: -0.4945, loss_er: 0.0773, seg_loss: 0.1665...
2023-07-27 19:28:33,060 - dist_train_voc_seg_neg3.py - INFO: Iter: 13200; Elasped: 3:59:01; ETA: 2:03:07; LR: 2.273e-05; cls_loss: 0.0482, cls_loss_aux: 0.0555, ptc_loss: 0.2719, loss_corr: -0.4697, loss_er: 0.0792, seg_loss: 0.1326...
2023-07-27 19:31:18,014 - dist_train_voc_seg_neg3.py - INFO: Iter: 13400; Elasped: 4:01:46; ETA: 1:59:04; LR: 2.212e-05; cls_loss: 0.0398, cls_loss_aux: 0.0449, ptc_loss: 0.2604, loss_corr: -0.4303, loss_er: 0.0820, seg_loss: 0.1391...
2023-07-27 19:34:00,572 - dist_train_voc_seg_neg3.py - INFO: Iter: 13600; Elasped: 4:04:28; ETA: 1:55:02; LR: 2.152e-05; cls_loss: 0.0366, cls_loss_aux: 0.0378, ptc_loss: 0.2545, loss_corr: -0.4377, loss_er: 0.0892, seg_loss: 0.1291...
2023-07-27 19:36:43,196 - dist_train_voc_seg_neg3.py - INFO: Iter: 13800; Elasped: 4:07:11; ETA: 1:51:03; LR: 2.091e-05; cls_loss: 0.0356, cls_loss_aux: 0.0409, ptc_loss: 0.2470, loss_corr: -0.4575, loss_er: 0.0832, seg_loss: 0.1592...
2023-07-27 19:39:25,361 - dist_train_voc_seg_neg3.py - INFO: Iter: 14000; Elasped: 4:09:53; ETA: 1:47:05; LR: 2.031e-05; cls_loss: 0.0434, cls_loss_aux: 0.0472, ptc_loss: 0.2594, loss_corr: -0.4347, loss_er: 0.0909, seg_loss: 0.1305...
2023-07-27 19:39:25,361 - dist_train_voc_seg_neg3.py - INFO: Validating...
2023-07-27 19:49:16,459 - dist_train_voc_seg_neg3.py - INFO: val cls score: 0.922571
2023-07-27 19:49:16,460 - dist_train_voc_seg_neg3.py - INFO: 
+--------------+--------+---------+----------+
|    Class     |  CAM   | aux_CAM | Seg_Pred |
+==============+========+=========+==========+
| _background_ | 90.800 | 89.462  | 90.225   |
+--------------+--------+---------+----------+
| aeroplane    | 76.454 | 81.245  | 79.952   |
+--------------+--------+---------+----------+
| bicycle      | 46.082 | 44.826  | 43.112   |
+--------------+--------+---------+----------+
| bird         | 66.882 | 69.916  | 67.082   |
+--------------+--------+---------+----------+
| boat         | 47.254 | 52.770  | 50.177   |
+--------------+--------+---------+----------+
| bottle       | 76.258 | 64.521  | 73.185   |
+--------------+--------+---------+----------+
| bus          | 85.379 | 77.492  | 83.993   |
+--------------+--------+---------+----------+
| car          | 82.982 | 70.318  | 76.743   |
+--------------+--------+---------+----------+
| cat          | 91.074 | 83.659  | 89.252   |
+--------------+--------+---------+----------+
| chair        | 49.621 | 44.461  | 34.345   |
+--------------+--------+---------+----------+
| cow          | 90.684 | 75.284  | 87.317   |
+--------------+--------+---------+----------+
| diningtable  | 59.437 | 54.956  | 57.489   |
+--------------+--------+---------+----------+
| dog          | 88.031 | 82.309  | 85.720   |
+--------------+--------+---------+----------+
| horse        | 86.380 | 78.452  | 79.795   |
+--------------+--------+---------+----------+
| motorbike    | 75.144 | 74.551  | 69.988   |
+--------------+--------+---------+----------+
| person       | 83.343 | 79.157  | 80.793   |
+--------------+--------+---------+----------+
| pottedplant  | 59.394 | 48.413  | 54.035   |
+--------------+--------+---------+----------+
| sheep        | 88.852 | 86.996  | 86.750   |
+--------------+--------+---------+----------+
| sofa         | 61.256 | 68.716  | 43.428   |
+--------------+--------+---------+----------+
| train        | 59.327 | 54.220  | 58.773   |
+--------------+--------+---------+----------+
| tvmonitor    | 60.418 | 67.236  | 57.362   |
+--------------+--------+---------+----------+
| mIoU         | 72.622 | 68.998  | 69.025   |
+--------------+--------+---------+----------+
2023-07-27 19:52:12,157 - dist_train_voc_seg_neg3.py - INFO: Iter: 14200; Elasped: 4:22:40; ETA: 1:47:17; LR: 1.970e-05; cls_loss: 0.0389, cls_loss_aux: 0.0438, ptc_loss: 0.2920, loss_corr: -0.4241, loss_er: 0.0825, seg_loss: 0.1454...
2023-07-27 19:54:54,434 - dist_train_voc_seg_neg3.py - INFO: Iter: 14400; Elasped: 4:25:22; ETA: 1:43:11; LR: 1.908e-05; cls_loss: 0.0408, cls_loss_aux: 0.0413, ptc_loss: 0.2769, loss_corr: -0.4367, loss_er: 0.0857, seg_loss: 0.1652...
2023-07-27 19:57:36,704 - dist_train_voc_seg_neg3.py - INFO: Iter: 14600; Elasped: 4:28:04; ETA: 1:39:08; LR: 1.847e-05; cls_loss: 0.0371, cls_loss_aux: 0.0417, ptc_loss: 0.2837, loss_corr: -0.4385, loss_er: 0.0881, seg_loss: 0.1236...
2023-07-27 20:00:18,692 - dist_train_voc_seg_neg3.py - INFO: Iter: 14800; Elasped: 4:30:46; ETA: 1:35:08; LR: 1.785e-05; cls_loss: 0.0330, cls_loss_aux: 0.0349, ptc_loss: 0.2454, loss_corr: -0.3994, loss_er: 0.0852, seg_loss: 0.1159...
2023-07-27 20:03:00,892 - dist_train_voc_seg_neg3.py - INFO: Iter: 15000; Elasped: 4:33:28; ETA: 1:31:09; LR: 1.723e-05; cls_loss: 0.0444, cls_loss_aux: 0.0438, ptc_loss: 0.2460, loss_corr: -0.4033, loss_er: 0.0823, seg_loss: 0.1471...
2023-07-27 20:05:43,148 - dist_train_voc_seg_neg3.py - INFO: Iter: 15200; Elasped: 4:36:11; ETA: 1:27:12; LR: 1.661e-05; cls_loss: 0.0377, cls_loss_aux: 0.0441, ptc_loss: 0.2673, loss_corr: -0.3952, loss_er: 0.0885, seg_loss: 0.1360...
2023-07-27 20:08:25,072 - dist_train_voc_seg_neg3.py - INFO: Iter: 15400; Elasped: 4:38:53; ETA: 1:23:18; LR: 1.599e-05; cls_loss: 0.0391, cls_loss_aux: 0.0429, ptc_loss: 0.2450, loss_corr: -0.4018, loss_er: 0.0852, seg_loss: 0.1245...
2023-07-27 20:11:07,104 - dist_train_voc_seg_neg3.py - INFO: Iter: 15600; Elasped: 4:41:35; ETA: 1:19:25; LR: 1.536e-05; cls_loss: 0.0437, cls_loss_aux: 0.0449, ptc_loss: 0.2714, loss_corr: -0.4240, loss_er: 0.0774, seg_loss: 0.1439...
2023-07-27 20:13:49,271 - dist_train_voc_seg_neg3.py - INFO: Iter: 15800; Elasped: 4:44:17; ETA: 1:15:34; LR: 1.473e-05; cls_loss: 0.0367, cls_loss_aux: 0.0400, ptc_loss: 0.2408, loss_corr: -0.4012, loss_er: 0.0827, seg_loss: 0.1004...
2023-07-27 20:16:33,899 - dist_train_voc_seg_neg3.py - INFO: Iter: 16000; Elasped: 4:47:01; ETA: 1:11:45; LR: 1.410e-05; cls_loss: 0.0381, cls_loss_aux: 0.0391, ptc_loss: 0.2668, loss_corr: -0.3755, loss_er: 0.0739, seg_loss: 0.1216...
2023-07-27 20:16:33,899 - dist_train_voc_seg_neg3.py - INFO: Validating...
2023-07-27 20:26:24,204 - dist_train_voc_seg_neg3.py - INFO: val cls score: 0.927585
2023-07-27 20:26:24,205 - dist_train_voc_seg_neg3.py - INFO: 
+--------------+--------+---------+----------+
|    Class     |  CAM   | aux_CAM | Seg_Pred |
+==============+========+=========+==========+
| _background_ | 91.327 | 89.645  | 90.783   |
+--------------+--------+---------+----------+
| aeroplane    | 75.639 | 81.625  | 78.705   |
+--------------+--------+---------+----------+
| bicycle      | 46.536 | 41.548  | 43.097   |
+--------------+--------+---------+----------+
| bird         | 66.333 | 68.570  | 66.016   |
+--------------+--------+---------+----------+
| boat         | 52.541 | 58.427  | 50.006   |
+--------------+--------+---------+----------+
| bottle       | 73.903 | 58.756  | 71.363   |
+--------------+--------+---------+----------+
| bus          | 85.538 | 76.337  | 85.232   |
+--------------+--------+---------+----------+
| car          | 82.458 | 70.546  | 81.009   |
+--------------+--------+---------+----------+
| cat          | 91.599 | 85.636  | 89.130   |
+--------------+--------+---------+----------+
| chair        | 53.733 | 44.850  | 36.346   |
+--------------+--------+---------+----------+
| cow          | 90.937 | 81.585  | 89.290   |
+--------------+--------+---------+----------+
| diningtable  | 51.537 | 55.246  | 48.183   |
+--------------+--------+---------+----------+
| dog          | 86.673 | 80.184  | 84.364   |
+--------------+--------+---------+----------+
| horse        | 88.021 | 75.537  | 86.329   |
+--------------+--------+---------+----------+
| motorbike    | 74.791 | 74.501  | 71.967   |
+--------------+--------+---------+----------+
| person       | 81.197 | 77.212  | 79.547   |
+--------------+--------+---------+----------+
| pottedplant  | 63.117 | 53.889  | 57.315   |
+--------------+--------+---------+----------+
| sheep        | 89.555 | 85.362  | 87.103   |
+--------------+--------+---------+----------+
| sofa         | 66.847 | 70.547  | 50.046   |
+--------------+--------+---------+----------+
| train        | 61.946 | 60.334  | 62.001   |
+--------------+--------+---------+----------+
| tvmonitor    | 63.029 | 61.320  | 58.479   |
+--------------+--------+---------+----------+
| mIoU         | 73.203 | 69.127  | 69.824   |
+--------------+--------+---------+----------+
2023-07-27 20:29:21,587 - dist_train_voc_seg_neg3.py - INFO: Iter: 16200; Elasped: 4:59:49; ETA: 1:10:19; LR: 1.346e-05; cls_loss: 0.0361, cls_loss_aux: 0.0345, ptc_loss: 0.2800, loss_corr: -0.4073, loss_er: 0.0773, seg_loss: 0.1181...
2023-07-27 20:32:03,960 - dist_train_voc_seg_neg3.py - INFO: Iter: 16400; Elasped: 5:02:31; ETA: 1:06:24; LR: 1.282e-05; cls_loss: 0.0309, cls_loss_aux: 0.0316, ptc_loss: 0.2524, loss_corr: -0.3945, loss_er: 0.0786, seg_loss: 0.0820...
2023-07-27 20:34:46,129 - dist_train_voc_seg_neg3.py - INFO: Iter: 16600; Elasped: 5:05:14; ETA: 1:02:31; LR: 1.218e-05; cls_loss: 0.0361, cls_loss_aux: 0.0363, ptc_loss: 0.2518, loss_corr: -0.4151, loss_er: 0.0798, seg_loss: 0.1151...
2023-07-27 20:37:28,175 - dist_train_voc_seg_neg3.py - INFO: Iter: 16800; Elasped: 5:07:56; ETA: 0:58:39; LR: 1.153e-05; cls_loss: 0.0369, cls_loss_aux: 0.0315, ptc_loss: 0.2543, loss_corr: -0.3941, loss_er: 0.0866, seg_loss: 0.1026...
2023-07-27 20:40:10,190 - dist_train_voc_seg_neg3.py - INFO: Iter: 17000; Elasped: 5:10:38; ETA: 0:54:49; LR: 1.088e-05; cls_loss: 0.0291, cls_loss_aux: 0.0294, ptc_loss: 0.2633, loss_corr: -0.3839, loss_er: 0.0884, seg_loss: 0.1165...
2023-07-27 20:42:52,280 - dist_train_voc_seg_neg3.py - INFO: Iter: 17200; Elasped: 5:13:20; ETA: 0:51:00; LR: 1.023e-05; cls_loss: 0.0295, cls_loss_aux: 0.0298, ptc_loss: 0.2668, loss_corr: -0.3955, loss_er: 0.0891, seg_loss: 0.1612...
2023-07-27 20:45:34,395 - dist_train_voc_seg_neg3.py - INFO: Iter: 17400; Elasped: 5:16:02; ETA: 0:47:13; LR: 9.569e-06; cls_loss: 0.0354, cls_loss_aux: 0.0345, ptc_loss: 0.2592, loss_corr: -0.4102, loss_er: 0.0880, seg_loss: 0.1218...
2023-07-27 20:48:16,192 - dist_train_voc_seg_neg3.py - INFO: Iter: 17600; Elasped: 5:18:44; ETA: 0:43:27; LR: 8.904e-06; cls_loss: 0.0347, cls_loss_aux: 0.0341, ptc_loss: 0.2582, loss_corr: -0.3861, loss_er: 0.0855, seg_loss: 0.1478...
2023-07-27 20:50:58,768 - dist_train_voc_seg_neg3.py - INFO: Iter: 17800; Elasped: 5:21:26; ETA: 0:39:43; LR: 8.233e-06; cls_loss: 0.0284, cls_loss_aux: 0.0288, ptc_loss: 0.2508, loss_corr: -0.3995, loss_er: 0.0856, seg_loss: 0.0883...
2023-07-27 20:53:41,398 - dist_train_voc_seg_neg3.py - INFO: Iter: 18000; Elasped: 5:24:09; ETA: 0:36:01; LR: 7.557e-06; cls_loss: 0.0397, cls_loss_aux: 0.0374, ptc_loss: 0.2607, loss_corr: -0.4074, loss_er: 0.0865, seg_loss: 0.1679...
2023-07-27 20:53:41,399 - dist_train_voc_seg_neg3.py - INFO: Validating...
2023-07-27 21:03:30,545 - dist_train_voc_seg_neg3.py - INFO: val cls score: 0.921917
2023-07-27 21:03:30,546 - dist_train_voc_seg_neg3.py - INFO: 
+--------------+--------+---------+----------+
|    Class     |  CAM   | aux_CAM | Seg_Pred |
+==============+========+=========+==========+
| _background_ | 90.894 | 89.385  | 90.452   |
+--------------+--------+---------+----------+
| aeroplane    | 74.834 | 81.497  | 77.680   |
+--------------+--------+---------+----------+
| bicycle      | 44.874 | 42.957  | 41.985   |
+--------------+--------+---------+----------+
| bird         | 63.758 | 69.058  | 65.143   |
+--------------+--------+---------+----------+
| boat         | 47.312 | 57.820  | 45.159   |
+--------------+--------+---------+----------+
| bottle       | 75.951 | 62.439  | 73.249   |
+--------------+--------+---------+----------+
| bus          | 85.269 | 77.532  | 84.089   |
+--------------+--------+---------+----------+
| car          | 82.448 | 64.527  | 81.476   |
+--------------+--------+---------+----------+
| cat          | 91.324 | 81.727  | 90.305   |
+--------------+--------+---------+----------+
| chair        | 52.968 | 47.032  | 36.129   |
+--------------+--------+---------+----------+
| cow          | 90.830 | 79.105  | 89.416   |
+--------------+--------+---------+----------+
| diningtable  | 60.313 | 57.728  | 51.041   |
+--------------+--------+---------+----------+
| dog          | 87.603 | 79.954  | 86.238   |
+--------------+--------+---------+----------+
| horse        | 88.118 | 80.562  | 85.410   |
+--------------+--------+---------+----------+
| motorbike    | 77.495 | 74.971  | 74.772   |
+--------------+--------+---------+----------+
| person       | 81.631 | 76.019  | 79.661   |
+--------------+--------+---------+----------+
| pottedplant  | 61.003 | 53.899  | 57.970   |
+--------------+--------+---------+----------+
| sheep        | 87.980 | 85.508  | 86.933   |
+--------------+--------+---------+----------+
| sofa         | 64.628 | 67.955  | 45.109   |
+--------------+--------+---------+----------+
| train        | 60.951 | 59.931  | 60.480   |
+--------------+--------+---------+----------+
| tvmonitor    | 60.390 | 61.788  | 58.808   |
+--------------+--------+---------+----------+
| mIoU         | 72.884 | 69.114  | 69.595   |
+--------------+--------+---------+----------+
2023-07-27 21:06:28,584 - dist_train_voc_seg_neg3.py - INFO: Iter: 18200; Elasped: 5:36:56; ETA: 0:33:19; LR: 6.874e-06; cls_loss: 0.0327, cls_loss_aux: 0.0329, ptc_loss: 0.2679, loss_corr: -0.3866, loss_er: 0.0911, seg_loss: 0.0963...
2023-07-27 21:09:10,691 - dist_train_voc_seg_neg3.py - INFO: Iter: 18400; Elasped: 5:39:38; ETA: 0:29:32; LR: 6.183e-06; cls_loss: 0.0278, cls_loss_aux: 0.0269, ptc_loss: 0.2625, loss_corr: -0.3981, loss_er: 0.0876, seg_loss: 0.1092...
2023-07-27 21:11:55,349 - dist_train_voc_seg_neg3.py - INFO: Iter: 18600; Elasped: 5:42:23; ETA: 0:25:46; LR: 5.483e-06; cls_loss: 0.0324, cls_loss_aux: 0.0298, ptc_loss: 0.2667, loss_corr: -0.3907, loss_er: 0.0922, seg_loss: 0.1182...
2023-07-27 21:14:37,500 - dist_train_voc_seg_neg3.py - INFO: Iter: 18800; Elasped: 5:45:05; ETA: 0:22:01; LR: 4.773e-06; cls_loss: 0.0242, cls_loss_aux: 0.0234, ptc_loss: 0.2584, loss_corr: -0.3694, loss_er: 0.0901, seg_loss: 0.1083...
2023-07-27 21:17:19,629 - dist_train_voc_seg_neg3.py - INFO: Iter: 19000; Elasped: 5:47:47; ETA: 0:18:18; LR: 4.051e-06; cls_loss: 0.0318, cls_loss_aux: 0.0299, ptc_loss: 0.2582, loss_corr: -0.4009, loss_er: 0.0879, seg_loss: 0.1283...
2023-07-27 21:20:01,818 - dist_train_voc_seg_neg3.py - INFO: Iter: 19200; Elasped: 5:50:29; ETA: 0:14:36; LR: 3.315e-06; cls_loss: 0.0304, cls_loss_aux: 0.0301, ptc_loss: 0.2525, loss_corr: -0.3937, loss_er: 0.0883, seg_loss: 0.1108...
2023-07-27 21:22:44,100 - dist_train_voc_seg_neg3.py - INFO: Iter: 19400; Elasped: 5:53:12; ETA: 0:10:55; LR: 2.560e-06; cls_loss: 0.0234, cls_loss_aux: 0.0221, ptc_loss: 0.2591, loss_corr: -0.3807, loss_er: 0.0925, seg_loss: 0.1004...
2023-07-27 21:25:26,385 - dist_train_voc_seg_neg3.py - INFO: Iter: 19600; Elasped: 5:55:54; ETA: 0:07:15; LR: 1.779e-06; cls_loss: 0.0288, cls_loss_aux: 0.0248, ptc_loss: 0.2574, loss_corr: -0.3868, loss_er: 0.0886, seg_loss: 0.1012...
2023-07-27 21:28:09,729 - dist_train_voc_seg_neg3.py - INFO: Iter: 19800; Elasped: 5:58:37; ETA: 0:03:37; LR: 9.552e-07; cls_loss: 0.0278, cls_loss_aux: 0.0223, ptc_loss: 0.2745, loss_corr: -0.3758, loss_er: 0.0847, seg_loss: 0.1070...
2023-07-27 21:30:52,117 - dist_train_voc_seg_neg3.py - INFO: Iter: 20000; Elasped: 6:01:20; ETA: 0:00:00; LR: 8.077e-09; cls_loss: 0.0290, cls_loss_aux: 0.0242, ptc_loss: 0.2468, loss_corr: -0.3900, loss_er: 0.0858, seg_loss: 0.1097...
2023-07-27 21:30:52,117 - dist_train_voc_seg_neg3.py - INFO: Validating...
2023-07-27 21:40:42,582 - dist_train_voc_seg_neg3.py - INFO: val cls score: 0.925464
2023-07-27 21:40:42,582 - dist_train_voc_seg_neg3.py - INFO: 
+--------------+--------+---------+----------+
|    Class     |  CAM   | aux_CAM | Seg_Pred |
+==============+========+=========+==========+
| _background_ | 91.153 | 89.661  | 90.707   |
+--------------+--------+---------+----------+
| aeroplane    | 75.597 | 81.739  | 78.398   |
+--------------+--------+---------+----------+
| bicycle      | 45.227 | 43.393  | 41.730   |
+--------------+--------+---------+----------+
| bird         | 65.220 | 71.815  | 66.913   |
+--------------+--------+---------+----------+
| boat         | 47.919 | 58.499  | 43.703   |
+--------------+--------+---------+----------+
| bottle       | 77.044 | 65.163  | 74.002   |
+--------------+--------+---------+----------+
| bus          | 85.142 | 75.866  | 85.417   |
+--------------+--------+---------+----------+
| car          | 82.113 | 67.761  | 80.507   |
+--------------+--------+---------+----------+
| cat          | 91.550 | 83.094  | 90.566   |
+--------------+--------+---------+----------+
| chair        | 53.206 | 45.897  | 35.590   |
+--------------+--------+---------+----------+
| cow          | 91.116 | 82.385  | 89.687   |
+--------------+--------+---------+----------+
| diningtable  | 56.308 | 57.050  | 53.584   |
+--------------+--------+---------+----------+
| dog          | 87.451 | 80.116  | 86.348   |
+--------------+--------+---------+----------+
| horse        | 88.184 | 80.042  | 85.755   |
+--------------+--------+---------+----------+
| motorbike    | 77.058 | 73.539  | 74.144   |
+--------------+--------+---------+----------+
| person       | 80.775 | 77.299  | 78.695   |
+--------------+--------+---------+----------+
| pottedplant  | 64.871 | 51.777  | 61.130   |
+--------------+--------+---------+----------+
| sheep        | 88.784 | 85.443  | 88.248   |
+--------------+--------+---------+----------+
| sofa         | 66.636 | 68.748  | 46.223   |
+--------------+--------+---------+----------+
| train        | 62.037 | 59.816  | 61.794   |
+--------------+--------+---------+----------+
| tvmonitor    | 62.618 | 64.043  | 58.935   |
+--------------+--------+---------+----------+
| mIoU         | 73.334 | 69.674  | 70.099   |
+--------------+--------+---------+----------+
